[www.translate-wf.com/index.html]
[backblue.gif]
[fade.gif]
[index.html]
[assets.website-files.com/5e3884b717ebc5d2e8c8691b/css/fs-wg4wf.webflow.f888da669.css]
[assets.website-files.com/5e3884b717ebc5d2e8c8691b/5e4bc9ee3a237ec93dc88ace_weglot-favico.png]
[assets.website-files.com/5e3884b717ebc5d2e8c8691b/5e4bca033a237e7b13c88b0d_weglot-fav-big.png]
[assets.website-files.com/5e3884b717ebc5d2e8c8691b/5e3884b717ebc57be9c8694c_ill-pointer-1.svg]
[cdn.weglot.com/weglot.min.js]
[assets.website-files.com/5e3884b717ebc5d2e8c8691b/5e3884b717ebc56214c86947_ill-western-hem.svg]
[assets.website-files.com/5e3884b717ebc5d2e8c8691b/5e3884b717ebc51066c86957_ill-eastern-hem.svg]
[assets.website-files.com/5e3884b717ebc5d2e8c8691b/5e3884b717ebc538d9c8696f_ill-eye.svg]
[assets.website-files.com/5e3884b717ebc5d2e8c8691b/5e3884b717ebc53de5c86967_ill-lennon.svg]
[assets.website-files.com/5e3884b717ebc5d2e8c8691b/5e38984e3866b870cc2a4bd7_ill-nocode.svg]
[assets.website-files.com/5e3884b717ebc5d2e8c8691b/5e3884b717ebc563b9c86998_ill-weglotis-2-5.svg]
[assets.website-files.com/5e3884b717ebc5d2e8c8691b/5e3884b717ebc5394ec8696a_ill-weglotis-2-6.svg]
[assets.website-files.com/5e3884b717ebc5d2e8c8691b/5e3884b717ebc543c2c8698c_ill-weglotis-3-4.svg]
[assets.website-files.com/5e3884b717ebc5d2e8c8691b/5e3884b717ebc5918dc86991_ill-weglotis-3-5_1.svg]
[assets.website-files.com/5e3884b717ebc5d2e8c8691b/5e3884b717ebc56517c8695d_ill-weglotis-3-2.svg]
[assets.website-files.com/5e3884b717ebc5d2e8c8691b/5e3884b717ebc5e4a4c86982_ill-weglotis-3-1.svg]
[assets.website-files.com/5e3884b717ebc5d2e8c8691b/5e3884b717ebc56e51c86989_ill-weglotis-4-4.svg]
[assets.website-files.com/5e3884b717ebc5d2e8c8691b/5e3884b717ebc558bdc8696d_ill-weglotis-4-3.svg]
[assets.website-files.com/5e3884b717ebc5d2e8c8691b/5e3884b717ebc50929c8698f_ill-weglotis-5-1.svg]
[assets.website-files.com/5e3884b717ebc5d2e8c8691b/5e3884b717ebc54711c8697f_ill-weglotis-5-2.svg]
[assets.website-files.com/5e3884b717ebc5d2e8c8691b/5e3884b717ebc5f2ddc86999_ill-webis-1.svg]
[assets.website-files.com/5e3884b717ebc5d2e8c8691b/5e3884b717ebc53796c8699a_screenshot.png]
[assets.website-files.com/5e3884b717ebc5d2e8c8691b/5e49aa7e9ce534e4836d3562_ill-palm-1.svg]
[assets.website-files.com/5e3884b717ebc5d2e8c8691b/5e49aad1a90a2c686940ded6_ill-palm-2.svg]
[assets.website-files.com/5e3884b717ebc5d2e8c8691b/5e49aafc08eef856c0535885_ill-palm-3.svg]
[assets.website-files.com/5e3884b717ebc5d2e8c8691b/5e49ab27baff8f2661af1add_ill-palm-4.svg]
[assets.website-files.com/5e3884b717ebc5d2e8c8691b/5e49ab4b08eef824ce535dd4_ill-palm-5.svg]
[assets.website-files.com/5e3884b717ebc5d2e8c8691b/5e4ae2597205c2deeabeb4b1_weglot-yt-thumb-setup.jpg]
[assets.website-files.com/5e3884b717ebc5d2e8c8691b/5e4ae269b336143e157db939_weglot-yt-thumb-uikit.jpg]
[d3e54v103j8qbb.cloudfront.net/js/jquery-3.5.1.min.dc5e7f18c8e59c.js]
[assets.website-files.com/5e3884b717ebc5d2e8c8691b/js/webflow.1d37d975f.js]
[www.youtube.com/iframe_api]
[www.translate-wf.com/index.html]
[d3e54v103j8qbb.cloudfront.net/js/jquery-3.5.1.min.dc5e7f18c8e59c.js]
[assets.website-files.com/5e3884b717ebc5d2e8c8691b/css/fs-wg4wf.webflow.f888da669.css]
[cdn.weglot.com/weglot.min.js]
[www.googletagmanager.com/gtm5445.html]
[assets.website-files.com/5e3884b717ebc5d2e8c8691b/5e3884b717ebc51f2bc86988_logo-wf.svg]
[assets.website-files.com/5e3884b717ebc5d2e8c8691b/5e3884b717ebc57be9c8694c_ill-pointer-1.svg]
[assets.website-files.com/5e3884b717ebc5d2e8c8691b/5e3884b717ebc5004ac86950_ill-pointer-2.svg]
[assets.website-files.com/5e3884b717ebc5d2e8c8691b/5e3884b717ebc5e29fc8696c_ill-pointer-3.svg]
[assets.website-files.com/5e3884b717ebc5d2e8c8691b/5e3884b717ebc56214c86947_ill-western-hem.svg]
[assets.website-files.com/5e3884b717ebc5d2e8c8691b/5e3884b717ebc51066c86957_ill-eastern-hem.svg]
[assets.website-files.com/5e3884b717ebc5d2e8c8691b/5e3884b717ebc5187ec86952_ill-triangles-1.svg]
[assets.website-files.com/5e3884b717ebc5d2e8c8691b/5e3884b717ebc55f3cc86946_ill-triangles-2.svg]
[assets.website-files.com/5e3884b717ebc5d2e8c8691b/5e3884b717ebc53774c8697b_ill-bar-breaker.svg]
[assets.website-files.com/5e3884b717ebc5d2e8c8691b/5e3884b717ebc5f103c86978_ill-scan.svg]
[assets.website-files.com/5e3884b717ebc5d2e8c8691b/5e3884b717ebc538d9c8696f_ill-eye.svg]
[assets.website-files.com/5e3884b717ebc5d2e8c8691b/5e3884b717ebc53de5c86967_ill-lennon.svg]
[assets.website-files.com/5e3884b717ebc5d2e8c8691b/5e3884b717ebc50022c8694e_ill-pie-1.svg]
[assets.website-files.com/5e3884b717ebc5d2e8c8691b/5e3884b717ebc54397c86948_ill-pie-2.svg]
[assets.website-files.com/5e3884b717ebc5d2e8c8691b/5e3884b717ebc5c090c8696b_ill-pie-3.svg]
[assets.website-files.com/5e3884b717ebc5d2e8c8691b/5e3884b717ebc56a94c86959_ill-pie-4.svg]
[assets.website-files.com/5e3884b717ebc5d2e8c8691b/5e3884b717ebc56c4ec86974_ill-pie-5.svg]
[assets.website-files.com/5e3884b717ebc5d2e8c8691b/5e3884b717ebc58909c8694a_ill-pie-6.svg]
[assets.website-files.com/5e3884b717ebc5d2e8c8691b/5e3884b717ebc5123bc86954_ill-pie-7.svg]
[assets.website-files.com/5e3884b717ebc5d2e8c8691b/5e3884b717ebc5fa53c86955_ill-pie-8.svg]
[assets.website-files.com/5e3884b717ebc5d2e8c8691b/5e3884b717ebc511f8c86977_ill-logo-w.svg]
[assets.website-files.com/5e3884b717ebc5d2e8c8691b/5e3884b717ebc51d24c86980_ill-logo-e.svg]
[assets.website-files.com/5e3884b717ebc5d2e8c8691b/5e3884b717ebc54a01c86971_ill-logo-g.svg]
[assets.website-files.com/5e3884b717ebc5d2e8c8691b/5e3884b717ebc5afe2c86958_ill-logo-l.svg]
[assets.website-files.com/5e3884b717ebc5d2e8c8691b/5e3884b717ebc5bc65c86969_ill-logo-o.svg]
[assets.website-files.com/5e3884b717ebc5d2e8c8691b/5e3884b717ebc5b0bcc8695a_ill-logo-t.svg]
[assets.website-files.com/5e3884b717ebc5d2e8c8691b/5e3884b717ebc5024ec8697c_ill-tb-1.svg]
[assets.website-files.com/5e3884b717ebc5d2e8c8691b/5e3884b717ebc539bac8694b_ill-tb-2.svg]
[assets.website-files.com/5e3884b717ebc5d2e8c8691b/5e3884b717ebc50b05c86979_ill-tb-3.svg]
[assets.website-files.com/5e3884b717ebc5d2e8c8691b/5e3884b717ebc5e987c8695b_ill-tb-4.svg]
[assets.website-files.com/5e3884b717ebc5d2e8c8691b/5e3884b717ebc5a229c86949_ill-tb-5.svg]
[assets.website-files.com/5e3884b717ebc5d2e8c8691b/5e3884b717ebc56b45c8695c_ill-tb-6.svg]
[assets.website-files.com/5e3884b717ebc5d2e8c8691b/5e3884b717ebc5821fc86964_ill-tb-7.svg]
[assets.website-files.com/5e3884b717ebc5d2e8c8691b/5e3884b717ebc54ab9c86953_ill-tb-8.svg]
[assets.website-files.com/5e3884b717ebc5d2e8c8691b/5e3884b717ebc5810dc86951_ill-tb-9.svg]
[assets.website-files.com/5e3884b717ebc5d2e8c8691b/5e3884b717ebc50dc9c8696e_ill-tb-10.svg]
[assets.website-files.com/5e3884b717ebc5d2e8c8691b/5e3884b717ebc5bf08c8697d_ill-weglotis-1-4.svg]
[assets.website-files.com/5e3884b717ebc5d2e8c8691b/5e3884b717ebc5746dc86968_ill-weglotis-1-2.svg]
[assets.website-files.com/5e3884b717ebc5d2e8c8691b/5e3884b717ebc58073c8697a_ill-weglotis-1-1.svg]
[assets.website-files.com/5e3884b717ebc5d2e8c8691b/5e3884b717ebc56e5dc86963_ill-weglotis-1-3.svg]
[assets.website-files.com/5e3884b717ebc5d2e8c8691b/5e38984e3866b870cc2a4bd7_ill-nocode.svg]
[assets.website-files.com/5e3884b717ebc5d2e8c8691b/5e3884b717ebc563b9c86998_ill-weglotis-2-5.svg]
[assets.website-files.com/5e3884b717ebc5d2e8c8691b/5e3884b717ebc5ff67c86976_ill-weglotis-2-3.svg]
[assets.website-files.com/5e3884b717ebc5d2e8c8691b/5e3884b717ebc5a65ec86966_ill-weglotis-2-1.svg]
[assets.website-files.com/5e3884b717ebc5d2e8c8691b/5e3884b717ebc50072c86983_ill-weglotis-2-2.svg]
[assets.website-files.com/5e3884b717ebc5d2e8c8691b/5e3884b717ebc58419c8697e_ill-weglotis-2-4.svg]
[assets.website-files.com/5e3884b717ebc5d2e8c8691b/5e3884b717ebc5394ec8696a_ill-weglotis-2-6.svg]
[assets.website-files.com/5e3884b717ebc5d2e8c8691b/5e3884b717ebc543c2c8698c_ill-weglotis-3-4.svg]
[assets.website-files.com/5e3884b717ebc5d2e8c8691b/5e3884b717ebc5918dc86991_ill-weglotis-3-5_1.svg]
[assets.website-files.com/5e3884b717ebc5d2e8c8691b/5e3884b717ebc56517c8695d_ill-weglotis-3-2.svg]
[assets.website-files.com/5e3884b717ebc5d2e8c8691b/5e3884b717ebc5e4a4c86982_ill-weglotis-3-1.svg]
[assets.website-files.com/5e3884b717ebc5d2e8c8691b/5e3884b717ebc56e51c86989_ill-weglotis-4-4.svg]
[assets.website-files.com/5e3884b717ebc5d2e8c8691b/5e3884b717ebc558bdc8696d_ill-weglotis-4-3.svg]
[assets.website-files.com/5e3884b717ebc5d2e8c8691b/5e3884b717ebc5aaedc8698d_ill-weglotis-4-2.svg]
[assets.website-files.com/5e3884b717ebc5d2e8c8691b/5e3884b717ebc51f21c86981_ill-weglotis-4-1.svg]
[assets.website-files.com/5e3884b717ebc5d2e8c8691b/5e3884b717ebc50929c8698f_ill-weglotis-5-1.svg]
[assets.website-files.com/5e3884b717ebc5d2e8c8691b/5e3884b717ebc54711c8697f_ill-weglotis-5-2.svg]
[assets.website-files.com/5e3884b717ebc5d2e8c8691b/5e3884b717ebc51141c8698a_ill-webis-9.svg]
[assets.website-files.com/5e3884b717ebc5d2e8c8691b/5e3884b717ebc5534ac86994_ill-webis-8.svg]
[assets.website-files.com/5e3884b717ebc5d2e8c8691b/5e3884b717ebc5bdf6c86995_ill-webis-2.svg]
[assets.website-files.com/5e3884b717ebc5d2e8c8691b/5e3884b717ebc5f2ddc86999_ill-webis-1.svg]
[assets.website-files.com/5e3884b717ebc5d2e8c8691b/5e3884b717ebc5d6f3c86962_ill-webis-7.svg]
[assets.website-files.com/5e3884b717ebc5d2e8c8691b/5e3884b717ebc5d9b9c8698e_ill-webis-3.svg]
[assets.website-files.com/5e3884b717ebc5d2e8c8691b/5e3884b717ebc57cf4c8698b_ill-webis-4.svg]
[assets.website-files.com/5e3884b717ebc5d2e8c8691b/5e3884b717ebc50bd6c86986_ill-webis-5.svg]
[assets.website-files.com/5e3884b717ebc5d2e8c8691b/5e49aa7e9ce534e4836d3562_ill-palm-1.svg]
[assets.website-files.com/5e3884b717ebc5d2e8c8691b/5e49aad1a90a2c686940ded6_ill-palm-2.svg]
[assets.website-files.com/5e3884b717ebc5d2e8c8691b/5e49aafc08eef856c0535885_ill-palm-3.svg]
[assets.website-files.com/5e3884b717ebc5d2e8c8691b/5e49ab27baff8f2661af1add_ill-palm-4.svg]
[assets.website-files.com/5e3884b717ebc5d2e8c8691b/5e49ab4b08eef824ce535dd4_ill-palm-5.svg]
[www.youtube.com/iframe_api]
